<?xml version="1.0" encoding="UTF-8"?>
<!-- Generated by org.testng.reporters.JUnitXMLReporter -->
<testsuite hostname="jaideos-MacBook-Pro.local" name="Testng Features suite " tests="6" failures="0" timestamp="26 Mar 2019 20:30:33 GMT" time="16.684" errors="0">
  <testcase name="getTitle" time="7.567" classname="TestNg.AssertFeature"/>
  <testcase name="checkGmailLink" time="0.253" classname="TestNg.GoogleTest"/>
  <testcase name="checkLogo" time="0.043" classname="TestNg.GoogleTest"/>
  <testcase name="getTitle" time="0.009" classname="TestNg.PriorityFeature"/>
  <testcase name="checkGmailLink" time="0.052" classname="TestNg.PriorityFeature"/>
  <testcase name="checkLogo" time="0.037" classname="TestNg.PriorityFeature"/>
</testsuite> <!-- Testng Features suite  -->
